This is pdfTeX, Version 3.14159265-2.6-1.40.19 (TeX Live 2018/W32TeX) (preloaded format=pdflatex 2019.1.21)  31 MAY 2019 15:31
entering extended mode
 restricted \write18 enabled.
 %&-line parsing enabled.
**document.tex
(./document.tex
LaTeX2e <2018-12-01>
(c:/texlive/2018/texmf-dist/tex/latex/base/article.cls
Document Class: article 2018/09/03 v1.4i Standard LaTeX document class
(c:/texlive/2018/texmf-dist/tex/latex/base/size10.clo
File: size10.clo 2018/09/03 v1.4i Standard LaTeX file (size option)
)
\c@part=\count80
\c@section=\count81
\c@subsection=\count82
\c@subsubsection=\count83
\c@paragraph=\count84
\c@subparagraph=\count85
\c@figure=\count86
\c@table=\count87
\abovecaptionskip=\skip41
\belowcaptionskip=\skip42
\bibindent=\dimen102
)
(c:/texlive/2018/texmf-dist/tex/latex/graphics/graphicx.sty
Package: graphicx 2017/06/01 v1.1a Enhanced LaTeX Graphics (DPC,SPQR)

(c:/texlive/2018/texmf-dist/tex/latex/graphics/keyval.sty
Package: keyval 2014/10/28 v1.15 key=value parser (DPC)
\KV@toks@=\toks14
)
(c:/texlive/2018/texmf-dist/tex/latex/graphics/graphics.sty
Package: graphics 2017/06/25 v1.2c Standard LaTeX Graphics (DPC,SPQR)

(c:/texlive/2018/texmf-dist/tex/latex/graphics/trig.sty
Package: trig 2016/01/03 v1.10 sin cos tan (DPC)
)
(c:/texlive/2018/texmf-dist/tex/latex/graphics-cfg/graphics.cfg
File: graphics.cfg 2016/06/04 v1.11 sample graphics configuration
)
Package graphics Info: Driver file: pdftex.def on input line 99.

(c:/texlive/2018/texmf-dist/tex/latex/graphics-def/pdftex.def
File: pdftex.def 2018/01/08 v1.0l Graphics/color driver for pdftex
))
\Gin@req@height=\dimen103
\Gin@req@width=\dimen104
)
(c:/texlive/2018/texmf-dist/tex/latex/caption/caption.sty
Package: caption 2018/10/06 v3.3-154 Customizing captions (AR)

(c:/texlive/2018/texmf-dist/tex/latex/caption/caption3.sty
Package: caption3 2018/09/12 v1.8c caption3 kernel (AR)
Package caption3 Info: TeX engine: e-TeX on input line 64.
\captionmargin=\dimen105
\captionmargin@=\dimen106
\captionwidth=\dimen107
\caption@tempdima=\dimen108
\caption@indent=\dimen109
\caption@parindent=\dimen110
\caption@hangindent=\dimen111
)
\c@caption@flags=\count88
\c@ContinuedFloat=\count89
)
(c:/texlive/2018/texmf-dist/tex/latex/float/float.sty
Package: float 2001/11/08 v1.3d Float enhancements (AL)
\c@float@type=\count90
\float@exts=\toks15
\float@box=\box27
\@float@everytoks=\toks16
\@floatcapt=\box28
)
(c:/texlive/2018/texmf-dist/tex/latex/geometry/geometry.sty
Package: geometry 2018/04/16 v5.8 Page Geometry

(c:/texlive/2018/texmf-dist/tex/generic/oberdiek/ifpdf.sty
Package: ifpdf 2018/09/07 v3.3 Provides the ifpdf switch
)
(c:/texlive/2018/texmf-dist/tex/generic/oberdiek/ifvtex.sty
Package: ifvtex 2016/05/16 v1.6 Detect VTeX and its facilities (HO)
Package ifvtex Info: VTeX not detected.
)
(c:/texlive/2018/texmf-dist/tex/generic/ifxetex/ifxetex.sty
Package: ifxetex 2010/09/12 v0.6 Provides ifxetex conditional
)
\Gm@cnth=\count91
\Gm@cntv=\count92
\c@Gm@tempcnt=\count93
\Gm@bindingoffset=\dimen112
\Gm@wd@mp=\dimen113
\Gm@odd@mp=\dimen114
\Gm@even@mp=\dimen115
\Gm@layoutwidth=\dimen116
\Gm@layoutheight=\dimen117
\Gm@layouthoffset=\dimen118
\Gm@layoutvoffset=\dimen119
\Gm@dimlist=\toks17
) (./document.aux)
\openout1 = `document.aux'.

LaTeX Font Info:    Checking defaults for OML/cmm/m/it on input line 10.
LaTeX Font Info:    ... okay on input line 10.
LaTeX Font Info:    Checking defaults for T1/cmr/m/n on input line 10.
LaTeX Font Info:    ... okay on input line 10.
LaTeX Font Info:    Checking defaults for OT1/cmr/m/n on input line 10.
LaTeX Font Info:    ... okay on input line 10.
LaTeX Font Info:    Checking defaults for OMS/cmsy/m/n on input line 10.
LaTeX Font Info:    ... okay on input line 10.
LaTeX Font Info:    Checking defaults for OMX/cmex/m/n on input line 10.
LaTeX Font Info:    ... okay on input line 10.
LaTeX Font Info:    Checking defaults for U/cmr/m/n on input line 10.
LaTeX Font Info:    ... okay on input line 10.

(c:/texlive/2018/texmf-dist/tex/context/base/mkii/supp-pdf.mkii
[Loading MPS to PDF converter (version 2006.09.02).]
\scratchcounter=\count94
\scratchdimen=\dimen120
\scratchbox=\box29
\nofMPsegments=\count95
\nofMParguments=\count96
\everyMPshowfont=\toks18
\MPscratchCnt=\count97
\MPscratchDim=\dimen121
\MPnumerator=\count98
\makeMPintoPDFobject=\count99
\everyMPtoPDFconversion=\toks19
) (c:/texlive/2018/texmf-dist/tex/latex/oberdiek/epstopdf-base.sty
Package: epstopdf-base 2016/05/15 v2.6 Base part for package epstopdf

(c:/texlive/2018/texmf-dist/tex/generic/oberdiek/infwarerr.sty
Package: infwarerr 2016/05/16 v1.4 Providing info/warning/error messages (HO)
)
(c:/texlive/2018/texmf-dist/tex/latex/oberdiek/grfext.sty
Package: grfext 2016/05/16 v1.2 Manage graphics extensions (HO)

(c:/texlive/2018/texmf-dist/tex/generic/oberdiek/kvdefinekeys.sty
Package: kvdefinekeys 2016/05/16 v1.4 Define keys (HO)

(c:/texlive/2018/texmf-dist/tex/generic/oberdiek/ltxcmds.sty
Package: ltxcmds 2016/05/16 v1.23 LaTeX kernel commands for general use (HO)
)))
(c:/texlive/2018/texmf-dist/tex/latex/oberdiek/kvoptions.sty
Package: kvoptions 2016/05/16 v3.12 Key value format for package options (HO)

(c:/texlive/2018/texmf-dist/tex/generic/oberdiek/kvsetkeys.sty
Package: kvsetkeys 2016/05/16 v1.17 Key value parser (HO)

(c:/texlive/2018/texmf-dist/tex/generic/oberdiek/etexcmds.sty
Package: etexcmds 2016/05/16 v1.6 Avoid name clashes with e-TeX commands (HO)

(c:/texlive/2018/texmf-dist/tex/generic/oberdiek/ifluatex.sty
Package: ifluatex 2016/05/16 v1.4 Provides the ifluatex switch (HO)
Package ifluatex Info: LuaTeX not detected.
)
Package etexcmds Info: Could not find \expanded.
(etexcmds)             That can mean that you are not using pdfTeX 1.50 or
(etexcmds)             that some package has redefined \expanded.
(etexcmds)             In the latter case, load this package earlier.
)))
(c:/texlive/2018/texmf-dist/tex/generic/oberdiek/pdftexcmds.sty
Package: pdftexcmds 2018/09/10 v0.29 Utility functions of pdfTeX for LuaTeX (HO
)
Package pdftexcmds Info: LuaTeX not detected.
Package pdftexcmds Info: \pdf@primitive is available.
Package pdftexcmds Info: \pdf@ifprimitive is available.
Package pdftexcmds Info: \pdfdraftmode found.
)
Package epstopdf-base Info: Redefining graphics rule for `.eps' on input line 4
38.
Package grfext Info: Graphics extension search list:
(grfext)             [.pdf,.png,.jpg,.mps,.jpeg,.jbig2,.jb2,.PDF,.PNG,.JPG,.JPE
G,.JBIG2,.JB2,.eps]
(grfext)             \AppendGraphicsExtensions on input line 456.

(c:/texlive/2018/texmf-dist/tex/latex/latexconfig/epstopdf-sys.cfg
File: epstopdf-sys.cfg 2010/07/13 v1.3 Configuration of (r)epstopdf for TeX Liv
e
))
Package caption Info: Begin \AtBeginDocument code.
Package caption Info: float package is loaded.
Package caption Info: End \AtBeginDocument code.

*geometry* driver: auto-detecting
*geometry* detected driver: pdftex
*geometry* verbose mode - [ preamble ] result:
* driver: pdftex
* paper: <default>
* layout: <same size as paper>
* layoutoffset:(h,v)=(0.0pt,0.0pt)
* modes: 
* h-part:(L,W,R)=(108.405pt, 397.485pt, 108.405pt)
* v-part:(T,H,B)=(108.405pt, 578.15999pt, 108.405pt)
* \paperwidth=614.295pt
* \paperheight=794.96999pt
* \textwidth=397.485pt
* \textheight=578.15999pt
* \oddsidemargin=36.13501pt
* \evensidemargin=36.13501pt
* \topmargin=-0.86499pt
* \headheight=12.0pt
* \headsep=25.0pt
* \topskip=10.0pt
* \footskip=30.0pt
* \marginparwidth=65.0pt
* \marginparsep=11.0pt
* \columnsep=10.0pt
* \skip\footins=9.0pt plus 4.0pt minus 2.0pt
* \hoffset=0.0pt
* \voffset=0.0pt
* \mag=1000
* \@twocolumnfalse
* \@twosidefalse
* \@mparswitchfalse
* \@reversemarginfalse
* (1in=72.27pt=25.4mm, 1cm=28.453pt)

LaTeX Font Info:    External font `cmex10' loaded for size
(Font)              <12> on input line 11.
LaTeX Font Info:    External font `cmex10' loaded for size
(Font)              <8> on input line 11.
LaTeX Font Info:    External font `cmex10' loaded for size
(Font)              <6> on input line 11.

Underfull \hbox (badness 10000) in paragraph at lines 14--15

 []

[1

{c:/texlive/2018/texmf-var/fonts/map/pdftex/updmap/pdftex.map}]
<ca_ts.png, id=10, 672.5125pt x 263.98625pt>
File: ca_ts.png Graphic file (type png)
<use ca_ts.png>
Package pdftex.def Info: ca_ts.png  used on input line 22.
(pdftex.def)             Requested size: 397.485pt x 156.02847pt.
<ny_ts.png, id=11, 672.5125pt x 262.9825pt>
File: ny_ts.png Graphic file (type png)
<use ny_ts.png>
Package pdftex.def Info: ny_ts.png  used on input line 23.
(pdftex.def)             Requested size: 397.485pt x 155.4352pt.
<ca_acf.png, id=12, 672.5125pt x 276.03125pt>
File: ca_acf.png Graphic file (type png)
<use ca_acf.png>
Package pdftex.def Info: ca_acf.png  used on input line 28.
(pdftex.def)             Requested size: 397.485pt x 163.14763pt.
<ca_pacf.png, id=13, 672.5125pt x 258.9675pt>
File: ca_pacf.png Graphic file (type png)
<use ca_pacf.png>
Package pdftex.def Info: ca_pacf.png  used on input line 29.
(pdftex.def)             Requested size: 397.485pt x 153.06213pt.
<ny_acf.png, id=14, 672.5125pt x 254.9525pt>
File: ny_acf.png Graphic file (type png)
<use ny_acf.png>
Package pdftex.def Info: ny_acf.png  used on input line 30.
(pdftex.def)             Requested size: 397.485pt x 150.68909pt.
<ny_pacf.png, id=15, 672.5125pt x 266.9975pt>
File: ny_pacf.png Graphic file (type png)
<use ny_pacf.png>
Package pdftex.def Info: ny_pacf.png  used on input line 31.
(pdftex.def)             Requested size: 397.485pt x 157.80826pt.
 [2 <./ca_ts.png> <./ny_ts.png>]
Overfull \vbox (71.54712pt too high) has occurred while \output is active []


[3 <./ca_acf.png> <./ca_pacf.png> <./ny_acf.png> <./ny_pacf.png>]
<ca_arima_fit.png, id=22, 876.27374pt x 241.90375pt>
File: ca_arima_fit.png Graphic file (type png)
<use ca_arima_fit.png>
Package pdftex.def Info: ca_arima_fit.png  used on input line 37.
(pdftex.def)             Requested size: 330.0pt x 91.10124pt.
<CA_residuals.png, id=23, 672.5125pt x 234.8775pt>
File: CA_residuals.png Graphic file (type png)
<use CA_residuals.png>
Package pdftex.def Info: CA_residuals.png  used on input line 38.
(pdftex.def)             Requested size: 330.0pt x 115.25226pt.

Underfull \hbox (badness 10000) in paragraph at lines 37--39
[][]
 []

<ny_arima_fit.png, id=24, 876.27374pt x 244.915pt>
File: ny_arima_fit.png Graphic file (type png)
<use ny_arima_fit.png>
Package pdftex.def Info: ny_arima_fit.png  used on input line 43.
(pdftex.def)             Requested size: 330.0pt x 92.23528pt.
<ny_residuals.png, id=25, 672.5125pt x 229.85875pt>
File: ny_residuals.png Graphic file (type png)
<use ny_residuals.png>
Package pdftex.def Info: ny_residuals.png  used on input line 44.
(pdftex.def)             Requested size: 330.0pt x 112.7896pt.

Underfull \hbox (badness 10000) in paragraph at lines 43--45
[][]
 []

<ca_residuals_acf.png, id=26, 657.2053pt x 438.13687pt>
File: ca_residuals_acf.png Graphic file (type png)
<use ca_residuals_acf.png>
Package pdftex.def Info: ca_residuals_acf.png  used on input line 51.
(pdftex.def)             Requested size: 380.0pt x 253.33736pt.
<ny_residuals_acf.png, id=27, 657.2053pt x 438.13687pt>
File: ny_residuals_acf.png Graphic file (type png)
<use ny_residuals_acf.png>
Package pdftex.def Info: ny_residuals_acf.png  used on input line 52.
(pdftex.def)             Requested size: 380.0pt x 253.33736pt.

Underfull \hbox (badness 10000) in paragraph at lines 51--53
[][]
 []

[4 <./ca_arima_fit.png> <./CA_residuals.png> <./ny_arima_fit.png> <./ny_residua
ls.png>] [5 <./ca_residuals_acf.png (PNG copy)> <./ny_residuals_acf.png (PNG co
py)>]
<ca_cusum.png, id=34, 876.27374pt x 284.06125pt>
File: ca_cusum.png Graphic file (type png)
<use ca_cusum.png>
Package pdftex.def Info: ca_cusum.png  used on input line 62.
(pdftex.def)             Requested size: 397.485pt x 128.85362pt.
<ny_cusum.png, id=35, 876.27374pt x 278.03876pt>
File: ny_cusum.png Graphic file (type png)
<use ny_cusum.png>
Package pdftex.def Info: ny_cusum.png  used on input line 69.
(pdftex.def)             Requested size: 397.485pt x 126.12175pt.
 [6 <./ca_cusum.png> <./ny_cusum.png>]
<ca_reresid.png, id=39, 876.27374pt x 260.975pt>
File: ca_reresid.png Graphic file (type png)
<use ca_reresid.png>
Package pdftex.def Info: ca_reresid.png  used on input line 78.
(pdftex.def)             Requested size: 397.485pt x 118.38142pt.
<ny_recresid.png, id=40, 876.27374pt x 258.9675pt>
File: ny_recresid.png Graphic file (type png)
<use ny_recresid.png>
Package pdftex.def Info: ny_recresid.png  used on input line 79.
(pdftex.def)             Requested size: 397.485pt x 117.4708pt.
<ca_arima_forecast.png, id=41, 876.27374pt x 260.975pt>
File: ca_arima_forecast.png Graphic file (type png)
<use ca_arima_forecast.png>
Package pdftex.def Info: ca_arima_forecast.png  used on input line 89.
(pdftex.def)             Requested size: 397.485pt x 118.38142pt.
<ny_arima_forecast.png, id=42, 876.27374pt x 250.9375pt>
File: ny_arima_forecast.png Graphic file (type png)
<use ny_arima_forecast.png>
Package pdftex.def Info: ny_arima_forecast.png  used on input line 90.
(pdftex.def)             Requested size: 397.485pt x 113.8283pt.
 [7 <./ca_reresid.png> <./ny_recresid.png>]
<ca_var_fit.png, id=47, 657.2053pt x 438.13687pt>
File: ca_var_fit.png Graphic file (type png)
<use ca_var_fit.png>
Package pdftex.def Info: ca_var_fit.png  used on input line 98.
(pdftex.def)             Requested size: 397.485pt x 264.99005pt.
<ny_var_fit.png, id=48, 657.2053pt x 438.13687pt>
File: ny_var_fit.png Graphic file (type png)
<use ny_var_fit.png>
Package pdftex.def Info: ny_var_fit.png  used on input line 99.
(pdftex.def)             Requested size: 397.485pt x 264.99005pt.
 [8 <./ca_arima_forecast.png> <./ny_arima_forecast.png>]
<var_irf.png, id=52, 657.2053pt x 438.13687pt>
File: var_irf.png Graphic file (type png)
<use var_irf.png>
Package pdftex.def Info: var_irf.png  used on input line 105.
(pdftex.def)             Requested size: 397.485pt x 264.99005pt.
 [9 <./ca_var_fit.png (PNG copy)> <./ny_var_fit.png (PNG copy)>]
<granger.png, id=56, 514.17094pt x 112.16907pt>
File: granger.png Graphic file (type png)
<use granger.png>
Package pdftex.def Info: granger.png  used on input line 112.
(pdftex.def)             Requested size: 397.485pt x 86.71445pt.
<var_forecast.png, id=58, 657.2053pt x 438.13687pt>
File: var_forecast.png Graphic file (type png)
<use var_forecast.png>
Package pdftex.def Info: var_forecast.png  used on input line 119.
(pdftex.def)             Requested size: 397.485pt x 264.99005pt.
 [10 <./var_irf.png (PNG copy)> <./granger.png>] [11 <./var_forecast.png (PNG c
opy)>] (./document.aux) ) 
Here is how much of TeX's memory you used:
 3197 strings out of 492616
 50199 string characters out of 6132768
 117372 words of memory out of 5000000
 7076 multiletter control sequences out of 15000+600000
 7280 words of font info for 26 fonts, out of 8000000 for 9000
 1141 hyphenation exceptions out of 8191
 41i,6n,39p,382b,254s stack positions out of 5000i,500n,10000p,200000b,80000s
<c:/texlive/2018/texmf-dist/fonts/type1/public/amsfont
s/cm/cmbx12.pfb><c:/texlive/2018/texmf-dist/fonts/type1/public/amsfonts/cm/cmr1
0.pfb><c:/texlive/2018/texmf-dist/fonts/type1/public/amsfonts/cm/cmr12.pfb><c:/
texlive/2018/texmf-dist/fonts/type1/public/amsfonts/cm/cmr17.pfb>
Output written on document.pdf (11 pages, 736222 bytes).
PDF statistics:
 81 PDF objects out of 1000 (max. 8388607)
 39 compressed objects within 1 object stream
 0 named destinations out of 1000 (max. 500000)
 116 words of extra memory for PDF output out of 10000 (max. 10000000)

